<?xml version="1.0" encoding="UTF-8"?>
<!-- Generated by org.testng.reporters.JUnitXMLReporter -->
<testsuite ignored="2" hostname="RAIAANs-Air.fios-router.home" failures="0" tests="1" name="Surefire test" time="28.5" errors="0" timestamp="2020-08-01T19:27:28 EDT">
  <testcase classname="org.suborg.project.teamname.runner.CucumberTestRunner" name="withouttag" time="26.88"/>
  <testcase classname="org.suborg.project.teamname.runner.CucumberTestRunner" name="test2" time="0.0">
    <ignored/>
  </testcase> <!-- test2 -->
  <testcase classname="org.suborg.project.teamname.runner.CucumberTestRunner" name="letsseeifitworks" time="0.0">
    <ignored/>
  </testcase> <!-- letsseeifitworks -->
</testsuite> <!-- Surefire test -->
