<?xml version="1.0" encoding="UTF-8"?>
<testsuite xmlns:xsi="http://www.w3.org/2001/XMLSchema-instance" xsi:noNamespaceSchemaLocation="https://maven.apache.org/surefire/maven-surefire-plugin/xsd/surefire-test-report.xsd" name="TestSuite" time="11.924" tests="3" errors="0" skipped="0" failures="1">
  <properties>
[...]
</properties>
  <testcase name="runScenario" classname="org.suborg.project.teamname.runner.CucumberTestRunner" time="8.175">
    <failure message="expected [false] but found [true]" type="java.lang.AssertionError">java.lang.AssertionError: expected [false] but found [true]
</failure>
    <system-out><![CDATA[...
... TestNG 7.0.1 by CÃ©dric Beust (cedric@beust.com)
...

15:19:53.826 [main] INFO  o.s.p.teamname.runner.NGTestListener - --------running once before all tests-----------------------
15:19:54.026 [main] DEBUG o.s.p.teamname.baseconfig.Driver - chrome browser running with headless mode off
15:19:55.318 [main] INFO  o.s.p.t.runner.CucumberTestRunner - --------------before method in the runner-------------------
15:19:55.320 [main] INFO  o.s.p.teamname.runner.NGTestListener - On test start--------------before every test-------------------

@DemoFeature1 @tag1
Scenario: Title of your scenario                       # src/test/resources/features/DemoFeature1.feature:24
15:19:55.456 [main] INFO  o.s.p.t.s.DemoFeature1Step - Writing step with precondition
  Given _1df1 I want to write a step with precondition # org.suborg.project.teamname.stepdefinition.DemoFeature1Step.i_want_to_write_a_step_with_precondition()
15:19:55.458 [main] INFO  o.s.p.t.s.DemoFeature1Step - Writing step with some other precondition
15:20:00.612 [main] DEBUG o.s.p.t.utilities.CustomWaitsUtility - Execution speed set to - 1
15:20:01.709 [main] DEBUG o.s.p.t.utilities.CustomWaitsUtility - Execution speed set to - 1
15:20:03.296 [main] DEBUG o.s.p.t.utilities.CustomWaitsUtility - Execution speed set to - 1
  And _1df1 some other precondition                    # org.suborg.project.teamname.stepdefinition.DemoFeature1Step.some_other_precondition()
15:20:03.480 [main] INFO  o.s.p.t.s.DemoFeature1Step - completing the action right now
  When _1df1 I complete action                         # org.suborg.project.teamname.stepdefinition.DemoFeature1Step.i_complete_action()
15:20:03.481 [main] INFO  o.s.p.t.s.DemoFeature1Step - completing some other action
  And _1df1 some other action                          # org.suborg.project.teamname.stepdefinition.DemoFeature1Step.some_other_action()
15:20:03.481 [main] INFO  o.s.p.t.s.DemoFeature1Step - completing yet another action
  And _1df1 yet another action                         # org.suborg.project.teamname.stepdefinition.DemoFeature1Step.yet_another_action()
      java.lang.AssertionError: expected [false] but found [true]
	at org.testng.Assert.fail(Assert.java:97)
	at org.testng.Assert.failNotEquals(Assert.java:969)
	at org.testng.Assert.assertFalse(Assert.java:65)
	at org.testng.Assert.assertFalse(Assert.java:75)
	at org.suborg.project.teamname.stepdefinition.DemoFeature1Step.yet_another_action(DemoFeature1Step.java:52)
	at ✽._1df1 yet another action(file:///Users/smr1/Documents/AutomationTemplatePersonal/project/test-framework-template/src/test/resources/features/DemoFeature1.feature:29)

  Then _1df1 I validate the outcomes                   # org.suborg.project.teamname.stepdefinition.DemoFeature1Step.i_validate_the_outcomes()
  And _1df1 check more outcomes                        # org.suborg.project.teamname.stepdefinition.DemoFeature1Step.check_more_outcomes()
]]></system-out>
    <system-err><![CDATA[Aug 16, 2020 3:19:53 PM io.cucumber.testng.TestNGCucumberRunner <init>
WARNING: By default Cucumber is running in --non-strict mode.
This default will change to --strict and --non-strict will be removed.
You can use --strict or @CucumberOptions(strict = true) to suppress this warning
Starting ChromeDriver 83.0.4103.39 (ccbf011cb2d2b19b506d844400483861342c20cd-refs/branch-heads/4103@{#416}) on port 20325
Only local connections are allowed.
Please see https://chromedriver.chromium.org/security-considerations for suggestions on keeping ChromeDriver safe.
ChromeDriver was started successfully.
[1597605595.182][WARNING]: This version of ChromeDriver has not been tested with Chrome version 84.
Aug 16, 2020 3:19:55 PM org.openqa.selenium.remote.ProtocolHandshake createSession
INFO: Detected dialect: W3C
]]></system-err>
  </testcase>
  <testcase name="runScenario" classname="org.suborg.project.teamname.runner.CucumberTestRunner" time="0.009"/>
  <testcase name="runScenario" classname="org.suborg.project.teamname.runner.CucumberTestRunner" time="0.005"/>
</testsuite>