<?xml version="1.0" encoding="UTF-8"?>
<testng-results ignored="0" total="3" passed="3" failed="0" skipped="0">
  <reporter-output>
  </reporter-output>
  <suite started-at="2020-08-11T16:16:15 EDT" name="Suite" finished-at="2020-08-11T16:16:26 EDT" duration-ms="11301">
    <groups>
      <group name="cucumber">
        <method signature="AbstractTestNGCucumberTests.runScenario(io.cucumber.testng.PickleWrapper, io.cucumber.testng.FeatureWrapper)[pri:0, instance:org.suborg.project.teamname.runner.CucumberTestRunner@4450d156]" name="runScenario" class="io.cucumber.testng.AbstractTestNGCucumberTests"/>
      </group> <!-- cucumber -->
    </groups>
    <test started-at="2020-08-11T16:16:15 EDT" name="Complete test run" finished-at="2020-08-11T16:16:26 EDT" duration-ms="11301">
      <class name="org.suborg.project.teamname.runner.CucumberTestRunner">
        <test-method is-config="true" signature="setUpClass()[pri:0, instance:org.suborg.project.teamname.runner.CucumberTestRunner@4450d156]" started-at="2020-08-11T16:16:15 EDT" name="setUpClass" finished-at="2020-08-11T16:16:15 EDT" duration-ms="202" status="PASS">
          <reporter-output>
          </reporter-output>
        </test-method> <!-- setUpClass -->
        <test-method is-config="true" signature="setup()[pri:0, instance:org.suborg.project.teamname.runner.CucumberTestRunner@4450d156]" started-at="2020-08-11T16:16:15 EDT" name="setup" finished-at="2020-08-11T16:16:17 EDT" duration-ms="1289" status="PASS">
          <reporter-output>
          </reporter-output>
        </test-method> <!-- setup -->
        <test-method signature="runScenario(io.cucumber.testng.PickleWrapper, io.cucumber.testng.FeatureWrapper)[pri:0, instance:org.suborg.project.teamname.runner.CucumberTestRunner@4450d156]" started-at="2020-08-11T16:16:17 EDT" name="runScenario" description="Runs Cucumber Scenarios" data-provider="scenarios" finished-at="2020-08-11T16:16:25 EDT" duration-ms="7876" status="PASS">
          <params>
            <param index="0">
              <value>
                <![CDATA["Title of your scenario"]]>
              </value>
            </param>
            <param index="1">
              <value>
                <![CDATA["Demo feature"]]>
              </value>
            </param>
          </params>
          <reporter-output>
          </reporter-output>
        </test-method> <!-- runScenario -->
        <test-method is-config="true" signature="teardown()[pri:0, instance:org.suborg.project.teamname.runner.CucumberTestRunner@4450d156]" started-at="2020-08-11T16:16:25 EDT" name="teardown" finished-at="2020-08-11T16:16:25 EDT" duration-ms="90" status="PASS">
          <reporter-output>
          </reporter-output>
        </test-method> <!-- teardown -->
        <test-method is-config="true" signature="setup()[pri:0, instance:org.suborg.project.teamname.runner.CucumberTestRunner@4450d156]" started-at="2020-08-11T16:16:25 EDT" name="setup" finished-at="2020-08-11T16:16:25 EDT" duration-ms="793" status="PASS">
          <reporter-output>
          </reporter-output>
        </test-method> <!-- setup -->
        <test-method signature="runScenario(io.cucumber.testng.PickleWrapper, io.cucumber.testng.FeatureWrapper)[pri:0, instance:org.suborg.project.teamname.runner.CucumberTestRunner@4450d156]" started-at="2020-08-11T16:16:25 EDT" name="runScenario" description="Runs Cucumber Scenarios" data-provider="scenarios" finished-at="2020-08-11T16:16:25 EDT" duration-ms="6" status="PASS">
          <params>
            <param index="0">
              <value>
                <![CDATA["Title of your scenario outline"]]>
              </value>
            </param>
            <param index="1">
              <value>
                <![CDATA["Demo feature"]]>
              </value>
            </param>
          </params>
          <reporter-output>
          </reporter-output>
        </test-method> <!-- runScenario -->
        <test-method is-config="true" signature="teardown()[pri:0, instance:org.suborg.project.teamname.runner.CucumberTestRunner@4450d156]" started-at="2020-08-11T16:16:25 EDT" name="teardown" finished-at="2020-08-11T16:16:26 EDT" duration-ms="77" status="PASS">
          <reporter-output>
          </reporter-output>
        </test-method> <!-- teardown -->
        <test-method is-config="true" signature="setup()[pri:0, instance:org.suborg.project.teamname.runner.CucumberTestRunner@4450d156]" started-at="2020-08-11T16:16:26 EDT" name="setup" finished-at="2020-08-11T16:16:26 EDT" duration-ms="780" status="PASS">
          <reporter-output>
          </reporter-output>
        </test-method> <!-- setup -->
        <test-method signature="runScenario(io.cucumber.testng.PickleWrapper, io.cucumber.testng.FeatureWrapper)[pri:0, instance:org.suborg.project.teamname.runner.CucumberTestRunner@4450d156]" started-at="2020-08-11T16:16:26 EDT" name="runScenario" description="Runs Cucumber Scenarios" data-provider="scenarios" finished-at="2020-08-11T16:16:26 EDT" duration-ms="4" status="PASS">
          <params>
            <param index="0">
              <value>
                <![CDATA["Title of your scenario outline"]]>
              </value>
            </param>
            <param index="1">
              <value>
                <![CDATA["Demo feature"]]>
              </value>
            </param>
          </params>
          <reporter-output>
          </reporter-output>
        </test-method> <!-- runScenario -->
        <test-method is-config="true" signature="teardown()[pri:0, instance:org.suborg.project.teamname.runner.CucumberTestRunner@4450d156]" started-at="2020-08-11T16:16:26 EDT" name="teardown" finished-at="2020-08-11T16:16:26 EDT" duration-ms="76" status="PASS">
          <reporter-output>
          </reporter-output>
        </test-method> <!-- teardown -->
        <test-method is-config="true" signature="tearDownClass()[pri:0, instance:org.suborg.project.teamname.runner.CucumberTestRunner@4450d156]" started-at="2020-08-11T16:16:26 EDT" name="tearDownClass" finished-at="2020-08-11T16:16:26 EDT" duration-ms="83" status="PASS">
          <reporter-output>
          </reporter-output>
        </test-method> <!-- tearDownClass -->
      </class> <!-- org.suborg.project.teamname.runner.CucumberTestRunner -->
    </test> <!-- Complete test run -->
  </suite> <!-- Suite -->
</testng-results>
