<?xml version="1.0" encoding="UTF-8"?>
<testng-results ignored="0" total="0" passed="0" failed="0" skipped="0">
  <reporter-output>
  </reporter-output>
  <suite started-at="2020-07-28T16:27:46 EDT" name="Suite" finished-at="2020-07-28T16:27:46 EDT" duration-ms="4">
    <groups>
    </groups>
    <test started-at="2020-07-28T16:27:46 EDT" name="Complete test run" finished-at="2020-07-28T16:27:46 EDT" duration-ms="4">
    </test> <!-- Complete test run -->
  </suite> <!-- Suite -->
</testng-results>
