<?xml version="1.0" encoding="UTF-8"?>
<testsuite xmlns:xsi="http://www.w3.org/2001/XMLSchema-instance" xsi:noNamespaceSchemaLocation="https://maven.apache.org/surefire/maven-surefire-plugin/xsd/surefire-test-report.xsd" name="org.suborg.project.teamname.runner.CucumberRunnerTest" time="18.51" tests="3" errors="0" skipped="0" failures="1">
  <properties>
[...]
</properties>
  <testcase name="runScenario" classname="org.suborg.project.teamname.runner.CucumberRunnerTest" time="8.271">
    <failure message="expected [false] but found [true]" type="java.lang.AssertionError">java.lang.AssertionError: expected [false] but found [true]
</failure>
    <system-out><![CDATA[15:16:17.912 [TestNG-PoolService-2] DEBUG o.s.p.t.runner.CucumberRunnerTest - --------------setup iniated for the test-------------------
15:16:17.912 [TestNG-PoolService-1] DEBUG o.s.p.t.runner.CucumberRunnerTest - --------------setup iniated for the test-------------------
15:16:17.912 [TestNG-PoolService-0] DEBUG o.s.p.t.runner.CucumberRunnerTest - --------------setup iniated for the test-------------------
15:16:17.918 [TestNG-PoolService-2] DEBUG o.s.p.teamname.baseconfig.Driver - chrome browser running with headless mode off
15:16:17.918 [TestNG-PoolService-0] DEBUG o.s.p.teamname.baseconfig.Driver - chrome browser running with headless mode off
15:16:17.918 [TestNG-PoolService-1] DEBUG o.s.p.teamname.baseconfig.Driver - chrome browser running with headless mode off
15:16:20.192 [TestNG-PoolService-0] DEBUG o.s.p.t.runner.CucumberRunnerTest - --------------setup completed. ready for test execution-------
15:16:20.192 [TestNG-PoolService-1] DEBUG o.s.p.t.runner.CucumberRunnerTest - --------------setup completed. ready for test execution-------
15:16:20.192 [TestNG-PoolService-2] DEBUG o.s.p.t.runner.CucumberRunnerTest - --------------setup completed. ready for test execution-------

@DemoFeature1 @tag2
Scenario Outline: Title of your scenario outline # src/test/resources/features/DemoFeature1.feature:41

@DemoFeature1 @tag1
Scenario: Title of your scenario                       # src/test/resources/features/DemoFeature1.feature:24

@DemoFeature1 @tag2
Scenario Outline: Title of your scenario outline # src/test/resources/features/DemoFeature1.feature:42
15:16:20.422 [TestNG-PoolService-0] INFO  o.s.p.t.s.DemoFeature1Step - Writing step with precondition
15:16:20.423 [TestNG-PoolService-2] INFO  o.s.p.t.s.DemoFeature1Step - writing a step with the name - name2
15:16:20.424 [TestNG-PoolService-1] INFO  o.s.p.t.s.DemoFeature1Step - writing a step with the name - name1
  Given _1df1 I want to write a step with precondition # org.suborg.project.teamname.stepdefinition.DemoFeature1Step.i_want_to_write_a_step_with_precondition()
15:16:20.427 [TestNG-PoolService-0] INFO  o.s.p.t.s.DemoFeature1Step - Writing step with some other precondition
  Given _2df1 I want to write a step with name1  # org.suborg.project.teamname.stepdefinition.DemoFeature1Step._2_i_want_to_write_a_step_with_name1(java.lang.String)
15:16:20.428 [TestNG-PoolService-1] INFO  o.s.p.t.s.DemoFeature1Step - checking for the value - 5
  Given _2df1 I want to write a step with name2  # org.suborg.project.teamname.stepdefinition.DemoFeature1Step._2_i_want_to_write_a_step_with_name1(java.lang.String)
15:16:20.429 [TestNG-PoolService-2] INFO  o.s.p.t.s.DemoFeature1Step - checking for the value - 7
  And _1df1 some other precondition                    # org.suborg.project.teamname.stepdefinition.DemoFeature1Step.some_other_precondition()
15:16:28.454 [TestNG-PoolService-0] INFO  o.s.p.t.s.DemoFeature1Step - completing the action right now
  When _1df1 I complete action                         # org.suborg.project.teamname.stepdefinition.DemoFeature1Step.i_complete_action()
15:16:28.455 [TestNG-PoolService-0] INFO  o.s.p.t.s.DemoFeature1Step - completing some other action
  And _1df1 some other action                          # org.suborg.project.teamname.stepdefinition.DemoFeature1Step.some_other_action()
15:16:28.455 [TestNG-PoolService-0] INFO  o.s.p.t.s.DemoFeature1Step - completing yet another action
  And _1df1 yet another action                         # org.suborg.project.teamname.stepdefinition.DemoFeature1Step.yet_another_action()
      java.lang.AssertionError: expected [false] but found [true]
	at org.testng.Assert.fail(Assert.java:97)
	at org.testng.Assert.failNotEquals(Assert.java:969)
	at org.testng.Assert.assertFalse(Assert.java:65)
	at org.testng.Assert.assertFalse(Assert.java:75)
	at org.suborg.project.teamname.stepdefinition.DemoFeature1Step.yet_another_action(DemoFeature1Step.java:53)
	at ✽._1df1 yet another action(file:///Users/smr1/Documents/AutomationTemplatePersonal/project/test-framework-template/src/test/resources/features/DemoFeature1.feature:29)

  Then _1df1 I validate the outcomes                   # org.suborg.project.teamname.stepdefinition.DemoFeature1Step.i_validate_the_outcomes()
  And _1df1 check more outcomes                        # org.suborg.project.teamname.stepdefinition.DemoFeature1Step.check_more_outcomes()
]]></system-out>
    <system-err><![CDATA[Aug 22, 2020 3:16:17 PM io.cucumber.testng.TestNGCucumberRunner <init>
WARNING: By default Cucumber is running in --non-strict mode.
This default will change to --strict and --non-strict will be removed.
You can use --strict or @CucumberOptions(strict = true) to suppress this warning
SStatarrttingi ng ChromeDriver 83.0.4103.39 (ccbf011cb2d2b19b506dChrStarting ChromeDriver 83.0.4103.39 (ccbf011cb2d2b19b506d844400483861342c208444004838613cd-refs/branch-heads/4103@{#41omeDriver 83.0.4103.39 (ccbf011cb2d2b19b506d68444004838}) on port 39796
Only local connections are allowed.
Please see https://chromedriver.chromium.org/security-considerations for suggestions on keeping ChromeDriver safe.
42c20cd-refs/branch-heads/4103@{#416}) on port 2642
Only local connections are allow61342c20cd-refs/breadn.c
Please see https://chromedriver.chromium.org/secuChromeDrrity-conhsi-heads/4103@{#416}) on port 332i4v7e
Only local connectderations for sior was started snuggucceestions on keeping Chs are aromeDrissfully.vellr sa
fe.
oweChrd.
omeDriver wPlease sas ee htstarted successfully.
tps://chromedriver.chromium.org/security-considerations for suggestions on keeping ChromeDriver safe.
ChromeDriver was started successfully.
[1598123779.914][WARNING]: This version of ChromeDriver has not been tested with Chrome version 84.
[1598123779.962][WARNING]: This version of ChromeDriver has not been tested with Chrome version 84.
[1598123779.964][WARNING]: This version of ChromeDriver has not been tested with Chrome version 84.
Aug 22, 2020 3:16:20 PM org.openqa.selenium.remote.ProtocolHandshake createSession
INFO: Detected dialect: W3C
Aug 22, 2020 3:16:20 PM org.openqa.selenium.remote.ProtocolHandshake createSession
INFO: Detected dialect: W3C
Aug 22, 2020 3:16:20 PM org.openqa.selenium.remote.ProtocolHandshake createSession
INFO: Detected dialect: W3C
]]></system-err>
  </testcase>
  <testcase name="runScenario" classname="org.suborg.project.teamname.runner.CucumberRunnerTest" time="15.248"/>
  <testcase name="runScenario" classname="org.suborg.project.teamname.runner.CucumberRunnerTest" time="15.25"/>
</testsuite>