<?xml version="1.0" encoding="UTF-8"?>
<!-- Generated by org.testng.reporters.JUnitReportReporter -->
<testsuite hostname="RAIAANs-Air.fios-router.home" failures="1" tests="3" name="org.suborg.project.teamname.runner.CucumberRunnerTest" time="45.922" errors="0" timestamp="2020-08-22T15:16:35 EDT" skipped="0">
  <testcase classname="org.suborg.project.teamname.runner.CucumberRunnerTest" name="runScenario" time="10.658">
    <failure message="expected [false] but found [true]" type="java.lang.AssertionError">
      <![CDATA[java.lang.AssertionError: expected [false] but found [true]
at org.testng.Assert.fail(Assert.java:97)
at org.testng.Assert.failNotEquals(Assert.java:969)
at org.testng.Assert.assertFalse(Assert.java:65)
at org.testng.Assert.assertFalse(Assert.java:75)
at org.suborg.project.teamname.stepdefinition.DemoFeature1Step.yet_another_action(DemoFeature1Step.java:53)
at ✽._1df1 yet another action(file:///Users/smr1/Documents/AutomationTemplatePersonal/project/test-framework-template/src/test/resources/features/DemoFeature1.feature:29)
]]>
    </failure>
  </testcase> <!-- runScenario -->
  <system-out/>
  <testcase classname="org.suborg.project.teamname.runner.CucumberRunnerTest" name="runScenario" time="17.624"/>
  <system-out/>
  <testcase classname="org.suborg.project.teamname.runner.CucumberRunnerTest" name="runScenario" time="17.640"/>
  <system-out/>
</testsuite> <!-- org.suborg.project.teamname.runner.CucumberRunnerTest -->
